Command line:
   JK_TB_isim_beh.exe
     -simmode  gui
     -simrunnum  0
     -socket  4446

Sun Apr 26 16:12:13 2020


 Elaboration Time: 0.21875 sec

 Current Memory Usage: 5969.31 Meg

 Total Signals          : 20
 Total Nets             : 20
 Total Signal Drivers   : 12
 Total Blocks           : 3
 Total Primitive Blocks : 2
 Total Processes        : 16
 Total Traceable Variables  : 25
 Total Scalar Nets and Variables : 107
Total Line Count : 54

 Total Simulation Time: 0.234375 sec

 Current Memory Usage: 4868.27 Meg

Sun Apr 26 16:14:47 2020

